Upgrading gradle.properties
Upgrading gradle.properties
Running Gradle task 'assembleRelease'...                        
e: file:///home/runner/work/pdd-testing/pdd-testing/android/app/build.gradle.kts:14:9: Unresolved reference: coreLibraryDesugaringEnabled

FAILURE: Build failed with an exception.

* Where:
Build file '/home/runner/work/pdd-testing/pdd-testing/android/app/build.gradle.kts' line: 14

* What went wrong:
Script compilation errors:

  Line 14:         coreLibraryDesugaringEnabled = true
                   ^ Unresolved reference: coreLibraryDesugaringEnabled

  Line 20:         jvmTarget = JavaVersion.VERSION_17.toString()
                   ^ 'jvmTarget: String' is deprecated. Please migrate to the compilerOptions DSL. More details are here: https://kotl.in/u1r8ln

2 errors

* Try:
> Run with --stacktrace option to get the stack trace.
> Run with --info or --debug option to get more log output.
> Run with --scan to get full insights.
> Get more help at https://help.gradle.org.

BUILD FAILED in 1m 29s
Running Gradle task 'assembleRelease'...                           89.6s
Gradle task assembleRelease failed with exit code 1
